<?xml version="1.0" encoding="UTF-8"?>
<testsuite name="fibonacci.FibonacciSpeedTest" tests="1" skipped="0" failures="0" errors="0" timestamp="2022-05-03T02:56:08" hostname="lishizheng" time="2.684">
  <properties/>
  <testcase name="verifyMemoizedRecursionIsTenTimesFasterThanSimpleRecursion()" classname="fibonacci.FibonacciSpeedTest" time="2.684"/>
  <system-out><![CDATA[]]></system-out>
  <system-err><![CDATA[]]></system-err>
</testsuite>
