<?xml version="1.0" encoding="UTF-8"?>
<testsuite name="fibonacci.FibonacciMemoizedRecursionTest" tests="3" skipped="0" failures="0" errors="0" timestamp="2022-05-03T02:56:04" hostname="lishizheng" time="0.043">
  <properties/>
  <testcase name="verifyFibonacciBigInteger()" classname="fibonacci.FibonacciMemoizedRecursionTest" time="0.038"/>
  <testcase name="verifyFibonacci()" classname="fibonacci.FibonacciMemoizedRecursionTest" time="0.001"/>
  <testcase name="Canary()" classname="fibonacci.FibonacciMemoizedRecursionTest" time="0.001"/>
  <system-out><![CDATA[]]></system-out>
  <system-err><![CDATA[]]></system-err>
</testsuite>
